<?xml version="1.0" encoding="UTF-8"?>
<!-- Generated by org.testng.reporters.JUnitReportReporter -->
<testsuite name="test1" tests="1" time="0.011" ignored="0" failures="0" timestamp="20 Jun 2018 07:05:01 GMT" skipped="0" hostname="HPDA0017" errors="0">
  <testcase name="jhj" time="0.011" classname="test1"/>
</testsuite> <!-- test1 -->
