<?xml version="1.0" encoding="UTF-8"?>
<!-- Generated by org.testng.reporters.JUnitReportReporter -->
<testsuite name="com.qainfotech.tap.training.snl.api.test" tests="1" time="0.011" ignored="0" failures="0" timestamp="20 Jun 2018 07:14:04 GMT" skipped="0" hostname="HPDA0017" errors="0">
  <testcase name="testing" time="0.011" classname="com.qainfotech.tap.training.snl.api.test"/>
</testsuite> <!-- com.qainfotech.tap.training.snl.api.test -->
