<?xml version="1.0" encoding="UTF-8"?>
<!-- Generated by org.testng.reporters.JUnitReportReporter -->
<testsuite name="com.qainfotech.tap.training.snl.api.snlTesting" tests="1" time="0.249" ignored="0" failures="0" timestamp="21 Jun 2018 11:00:21 GMT" skipped="0" hostname="HPDA0017" errors="0">
  <testcase name="attempt_clicking_with_succesfulCreationOfBoard" time="0.249" classname="com.qainfotech.tap.training.snl.api.snlTesting"/>
</testsuite> <!-- com.qainfotech.tap.training.snl.api.snlTesting -->
