<?xml version="1.0" encoding="UTF-8"?>
<!-- Generated by org.testng.reporters.JUnitReportReporter -->
<testsuite name="com.qainfotech.tap.training.snl.api.BoardTest" tests="6" time="0.143" ignored="0" failures="0" timestamp="22 Jun 2018 12:08:10 GMT" skipped="0" hostname="HPDA0017" errors="0">
  <testcase name="maxPlayer_test" time="0.085" classname="com.qainfotech.tap.training.snl.api.BoardTest"/>
  <testcase name="nameRedundancy_test" time="0.009" classname="com.qainfotech.tap.training.snl.api.BoardTest"/>
  <testcase name="registerPlayer_test" time="0.011" classname="com.qainfotech.tap.training.snl.api.BoardTest"/>
  <testcase name="validRoll_test" time="0.015" classname="com.qainfotech.tap.training.snl.api.BoardTest"/>
  <testcase name="position_test" time="0.011" classname="com.qainfotech.tap.training.snl.api.BoardTest"/>
  <testcase name="turn_test" time="0.012" classname="com.qainfotech.tap.training.snl.api.BoardTest"/>
</testsuite> <!-- com.qainfotech.tap.training.snl.api.BoardTest -->
